Build started 9/1/2012 8:55:11 PM.
     1>Project "C:\Users\Sucalakafufu\Documents\Visual Studio 2010\Projects\Mimage\Mimage.vcxproj" on node 2 (build target(s)).
     1>PrepareForBuild:
         Creating directory "C:\Users\Sucalakafufu\Documents\Visual Studio 2010\Projects\Mimage\\Release\".
       InitializeBuildStatus:
         Creating "Debug\Mimage.unsuccessfulbuild" because "AlwaysCreate" was specified.
       ClCompile:
         All outputs are up-to-date.
       Link:
         c:\Program Files (x86)\Microsoft Visual Studio 10.0\VC\bin\link.exe /ERRORREPORT:PROMPT /OUT:"C:\Users\Sucalakafufu\Documents\Visual Studio 2010\Projects\Mimage\\Release\Mimage.exe" /NOLOGO kernel32.lib user32.lib gdi32.lib winspool.lib comdlg32.lib advapi32.lib shell32.lib ole32.lib oleaut32.lib uuid.lib odbc32.lib odbccp32.lib /MANIFEST /ManifestFile:"Debug\Mimage.exe.intermediate.manifest" /MANIFESTUAC:"level='asInvoker' uiAccess='false'" /DEBUG /PDB:"C:\Users\Sucalakafufu\Documents\Visual Studio 2010\Projects\Mimage\Release\Mimage.pdb" /TLBID:1 /DYNAMICBASE /NXCOMPAT /IMPLIB:"C:\Users\Sucalakafufu\Documents\Visual Studio 2010\Projects\Mimage\\Release\Mimage.lib" /MACHINE:X86 Debug\Mimage.obj
         Mimage.vcxproj -> C:\Users\Sucalakafufu\Documents\Visual Studio 2010\Projects\Mimage\\Release\Mimage.exe
       Manifest:
         C:\Program Files (x86)\Microsoft SDKs\Windows\v7.0A\bin\mt.exe /nologo /verbose /outputresource:"C:\Users\Sucalakafufu\Documents\Visual Studio 2010\Projects\Mimage\\Release\Mimage.exe;#1" /manifest Debug\Mimage.exe.intermediate.manifest
       CopyFilesToOutputDirectory:
         Copying file from "Debug\Mimage.pdb" to "C:\Users\Sucalakafufu\Documents\Visual Studio 2010\Projects\Mimage\\Release\Mimage.pdb".
       FinalizeBuildStatus:
         Deleting file "Debug\Mimage.unsuccessfulbuild".
         Touching "Debug\Mimage.lastbuildstate".
     1>Done Building Project "C:\Users\Sucalakafufu\Documents\Visual Studio 2010\Projects\Mimage\Mimage.vcxproj" (build target(s)).

Build succeeded.

Time Elapsed 00:00:04.03
